mié, 08 jun 2022 22:56:16 INFO     Process started...
mié, 08 jun 2022 22:56:16 INFO     Creating connection with DB Server...
mié, 08 jun 2022 22:56:20 INFO     Downloading from https://datos.cultura.gob.ar/dataset/37305de4-3cce-4d4b-9d9a-fec3ca61d09f/resource/4207def0-2ff7-41d5-9095-d42ae8207a5d/download/museos_datosabiertos.csv
mié, 08 jun 2022 22:56:20 INFO     File saved as: data/museos/2022-junio/museos-08-06-2022.csv
mié, 08 jun 2022 22:56:30 INFO     Table created/updated: museos
mié, 08 jun 2022 22:56:37 INFO     Downloading from https://datos.cultura.gob.ar/dataset/37305de4-3cce-4d4b-9d9a-fec3ca61d09f/resource/392ce1a8-ef11-4776-b280-6f1c7fae16ae/download/cine.csv
mié, 08 jun 2022 22:56:37 INFO     File saved as: data/salas_cine/2022-junio/salas_cine-08-06-2022.csv
mié, 08 jun 2022 22:56:47 INFO     Table created/updated: salas_cine
mié, 08 jun 2022 22:56:55 INFO     Downloading from https://datos.cultura.gob.ar/dataset/37305de4-3cce-4d4b-9d9a-fec3ca61d09f/resource/01c6c048-dbeb-44e0-8efa-6944f73715d7/download/biblioteca_popular.csv
mié, 08 jun 2022 22:56:55 INFO     File saved as: data/bibliotecas/2022-junio/bibliotecas-08-06-2022.csv
mié, 08 jun 2022 22:57:05 INFO     Table created/updated: bibliotecas
mié, 08 jun 2022 22:57:16 INFO     Normalizing data...
mié, 08 jun 2022 22:57:16 INFO     Table 'alkemydb' created/updated
mié, 08 jun 2022 22:57:16 INFO     Closing connection...
mié, 08 jun 2022 22:57:16 INFO     Process finished...
mié, 08 jun 2022 23:14:35 INFO     Process started...
mié, 08 jun 2022 23:14:35 INFO     Creating connection with DB Server...
mié, 08 jun 2022 23:14:38 INFO     Downloading from https://datos.cultura.gob.ar/dataset/37305de4-3cce-4d4b-9d9a-fec3ca61d09f/resource/4207def0-2ff7-41d5-9095-d42ae8207a5d/download/museos_datosabiertos.csv
mié, 08 jun 2022 23:14:38 INFO     File saved as: /home/jmsiro/data/museos/2022-junio/museos-08-06-2022.csv
mié, 08 jun 2022 23:14:49 INFO     Table created/updated: museos
mié, 08 jun 2022 23:14:56 INFO     Downloading from https://datos.cultura.gob.ar/dataset/37305de4-3cce-4d4b-9d9a-fec3ca61d09f/resource/392ce1a8-ef11-4776-b280-6f1c7fae16ae/download/cine.csv
mié, 08 jun 2022 23:14:56 INFO     File saved as: /home/jmsiro/data/salas_cine/2022-junio/salas_cine-08-06-2022.csv
mié, 08 jun 2022 23:15:06 INFO     Table created/updated: salas_cine
mié, 08 jun 2022 23:15:15 INFO     Downloading from https://datos.cultura.gob.ar/dataset/37305de4-3cce-4d4b-9d9a-fec3ca61d09f/resource/01c6c048-dbeb-44e0-8efa-6944f73715d7/download/biblioteca_popular.csv
mié, 08 jun 2022 23:15:15 INFO     File saved as: /home/jmsiro/data/bibliotecas/2022-junio/bibliotecas-08-06-2022.csv
mié, 08 jun 2022 23:15:25 INFO     Table created/updated: bibliotecas
mié, 08 jun 2022 23:15:35 INFO     Normalizing data...
mié, 08 jun 2022 23:15:35 INFO     Table 'alkemydb' created/updated
mié, 08 jun 2022 23:15:35 INFO     Closing connection...
mié, 08 jun 2022 23:15:35 INFO     Process finished...
