dom, 05 jun 2022 12:15:40 INFO     Process started...
dom, 05 jun 2022 12:15:44 INFO     Downloading from https://datos.cultura.gob.ar/dataset/37305de4-3cce-4d4b-9d9a-fec3ca61d09f/resource/4207def0-2ff7-41d5-9095-d42ae8207a5d/download/museos_datosabiertos.csv
dom, 05 jun 2022 12:15:44 INFO     File saved as: data/museos/2022-junio/museos-05-06-2022.csv
dom, 05 jun 2022 12:15:54 INFO     Creating connection with DB Server...
dom, 05 jun 2022 12:15:54 INFO     Table created/updated: museos
dom, 05 jun 2022 12:15:54 INFO     Closing connection...
dom, 05 jun 2022 12:16:01 INFO     Downloading from https://datos.cultura.gob.ar/dataset/37305de4-3cce-4d4b-9d9a-fec3ca61d09f/resource/392ce1a8-ef11-4776-b280-6f1c7fae16ae/download/cine.csv
dom, 05 jun 2022 12:16:01 INFO     File saved as: data/salas_cine/2022-junio/salas_cine-05-06-2022.csv
dom, 05 jun 2022 12:16:11 INFO     Creating connection with DB Server...
dom, 05 jun 2022 12:16:11 INFO     Table created/updated: salas_cine
dom, 05 jun 2022 12:16:11 INFO     Closing connection...
dom, 05 jun 2022 12:16:19 INFO     Downloading from https://datos.cultura.gob.ar/dataset/37305de4-3cce-4d4b-9d9a-fec3ca61d09f/resource/01c6c048-dbeb-44e0-8efa-6944f73715d7/download/biblioteca_popular.csv
dom, 05 jun 2022 12:16:19 INFO     File saved as: data/bibliotecas/2022-junio/bibliotecas-05-06-2022.csv
dom, 05 jun 2022 12:16:29 INFO     Creating connection with DB Server...
dom, 05 jun 2022 12:16:29 INFO     Table created/updated: bibliotecas
dom, 05 jun 2022 12:16:29 INFO     Closing connection...
dom, 05 jun 2022 12:16:39 INFO     Normalizing data...
dom, 05 jun 2022 12:16:39 INFO     Creating connection with DB Server...
dom, 05 jun 2022 12:16:39 INFO     Table 'alkemydb' created/updated
dom, 05 jun 2022 12:16:39 INFO     Closing connection...
dom, 05 jun 2022 12:16:39 INFO     Process finished...
dom, 05 jun 2022 20:19:08 INFO     Process started...
dom, 05 jun 2022 20:19:10 INFO     Downloading from https://datos.cultura.gob.ar/dataset/37305de4-3cce-4d4b-9d9a-fec3ca61d09f/resource/4207def0-2ff7-41d5-9095-d42ae8207a5d/download/museos_datosabiertos.csv
dom, 05 jun 2022 20:19:10 INFO     File saved as: data/museos/2022-junio/museos-05-06-2022.csv
dom, 05 jun 2022 20:19:20 INFO     Creating connection with DB Server...
dom, 05 jun 2022 20:19:20 INFO     Closing connection...
dom, 05 jun 2022 20:24:19 INFO     Process started...
dom, 05 jun 2022 20:24:22 INFO     Downloading from https://datos.cultura.gob.ar/dataset/37305de4-3cce-4d4b-9d9a-fec3ca61d09f/resource/4207def0-2ff7-41d5-9095-d42ae8207a5d/download/museos_datosabiertos.csv
dom, 05 jun 2022 20:24:22 INFO     File saved as: data/museos/2022-junio/museos-05-06-2022.csv
dom, 05 jun 2022 20:24:32 INFO     Creating connection with DB Server...
dom, 05 jun 2022 20:24:32 ERROR    Traceback (most recent call last):
  File "/home/jmsiro/Documentos/pruebabd/src/db_const.py", line 19, in upload_file
    en.commit()
AttributeError: 'Engine' object has no attribute 'commit'

dom, 05 jun 2022 20:24:32 INFO     Closing connection...
dom, 05 jun 2022 20:24:39 INFO     Downloading from https://datos.cultura.gob.ar/dataset/37305de4-3cce-4d4b-9d9a-fec3ca61d09f/resource/392ce1a8-ef11-4776-b280-6f1c7fae16ae/download/cine.csv
dom, 05 jun 2022 20:24:39 INFO     File saved as: data/salas_cine/2022-junio/salas_cine-05-06-2022.csv
dom, 05 jun 2022 20:24:49 INFO     Creating connection with DB Server...
dom, 05 jun 2022 20:24:49 ERROR    Traceback (most recent call last):
  File "/home/jmsiro/Documentos/pruebabd/src/db_const.py", line 19, in upload_file
    en.commit()
AttributeError: 'Engine' object has no attribute 'commit'

dom, 05 jun 2022 20:24:49 INFO     Closing connection...
dom, 05 jun 2022 20:24:58 INFO     Downloading from https://datos.cultura.gob.ar/dataset/37305de4-3cce-4d4b-9d9a-fec3ca61d09f/resource/01c6c048-dbeb-44e0-8efa-6944f73715d7/download/biblioteca_popular.csv
dom, 05 jun 2022 20:24:58 INFO     File saved as: data/bibliotecas/2022-junio/bibliotecas-05-06-2022.csv
dom, 05 jun 2022 20:25:08 INFO     Creating connection with DB Server...
dom, 05 jun 2022 20:25:08 ERROR    Traceback (most recent call last):
  File "/home/jmsiro/Documentos/pruebabd/src/db_const.py", line 19, in upload_file
    en.commit()
AttributeError: 'Engine' object has no attribute 'commit'

dom, 05 jun 2022 20:25:08 INFO     Closing connection...
dom, 05 jun 2022 20:25:18 INFO     Normalizing data...
dom, 05 jun 2022 20:25:18 INFO     Creating connection with DB Server...
dom, 05 jun 2022 20:25:18 ERROR    Traceback (most recent call last):
  File "/home/jmsiro/Documentos/pruebabd/src/merge.py", line 57, in normalize_data
    en.commit()
AttributeError: 'Engine' object has no attribute 'commit'

dom, 05 jun 2022 20:25:18 INFO     Closing connection...
dom, 05 jun 2022 20:25:18 INFO     Process finished...
dom, 05 jun 2022 20:47:50 INFO     Process started...
dom, 05 jun 2022 20:47:50 INFO     Creating connection with DB Server...
dom, 05 jun 2022 20:47:54 INFO     Downloading from https://datos.cultura.gob.ar/dataset/37305de4-3cce-4d4b-9d9a-fec3ca61d09f/resource/4207def0-2ff7-41d5-9095-d42ae8207a5d/download/museos_datosabiertos.csv
dom, 05 jun 2022 20:47:54 INFO     File saved as: data/museos/2022-junio/museos-05-06-2022.csv
dom, 05 jun 2022 20:48:05 INFO     Table created/updated: museos
dom, 05 jun 2022 20:48:12 INFO     Downloading from https://datos.cultura.gob.ar/dataset/37305de4-3cce-4d4b-9d9a-fec3ca61d09f/resource/392ce1a8-ef11-4776-b280-6f1c7fae16ae/download/cine.csv
dom, 05 jun 2022 20:48:12 INFO     File saved as: data/salas_cine/2022-junio/salas_cine-05-06-2022.csv
dom, 05 jun 2022 20:48:22 INFO     Table created/updated: salas_cine
dom, 05 jun 2022 20:48:31 INFO     Downloading from https://datos.cultura.gob.ar/dataset/37305de4-3cce-4d4b-9d9a-fec3ca61d09f/resource/01c6c048-dbeb-44e0-8efa-6944f73715d7/download/biblioteca_popular.csv
dom, 05 jun 2022 20:48:31 INFO     File saved as: data/bibliotecas/2022-junio/bibliotecas-05-06-2022.csv
dom, 05 jun 2022 20:48:41 INFO     Table created/updated: bibliotecas
dom, 05 jun 2022 20:48:51 INFO     Normalizing data...
dom, 05 jun 2022 20:48:51 ERROR    Traceback (most recent call last):
  File "/home/jmsiro/Documentos/pruebabd/src/merge.py", line 56, in normalize_data
    en.commit()
AttributeError: 'Connection' object has no attribute 'commit'

dom, 05 jun 2022 20:48:51 INFO     Closing connection...
dom, 05 jun 2022 20:48:51 INFO     Process finished...
dom, 05 jun 2022 20:54:06 INFO     Process started...
dom, 05 jun 2022 20:54:06 INFO     Creating connection with DB Server...
dom, 05 jun 2022 20:54:09 INFO     Downloading from https://datos.cultura.gob.ar/dataset/37305de4-3cce-4d4b-9d9a-fec3ca61d09f/resource/4207def0-2ff7-41d5-9095-d42ae8207a5d/download/museos_datosabiertos.csv
dom, 05 jun 2022 20:54:09 INFO     File saved as: data/museos/2022-junio/museos-05-06-2022.csv
dom, 05 jun 2022 20:54:19 INFO     Table created/updated: museos
dom, 05 jun 2022 20:54:26 INFO     Downloading from https://datos.cultura.gob.ar/dataset/37305de4-3cce-4d4b-9d9a-fec3ca61d09f/resource/392ce1a8-ef11-4776-b280-6f1c7fae16ae/download/cine.csv
dom, 05 jun 2022 20:54:26 INFO     File saved as: data/salas_cine/2022-junio/salas_cine-05-06-2022.csv
dom, 05 jun 2022 20:54:36 INFO     Table created/updated: salas_cine
dom, 05 jun 2022 20:54:43 INFO     Downloading from https://datos.cultura.gob.ar/dataset/37305de4-3cce-4d4b-9d9a-fec3ca61d09f/resource/01c6c048-dbeb-44e0-8efa-6944f73715d7/download/biblioteca_popular.csv
dom, 05 jun 2022 20:54:43 INFO     File saved as: data/bibliotecas/2022-junio/bibliotecas-05-06-2022.csv
dom, 05 jun 2022 20:54:54 INFO     Table created/updated: bibliotecas
dom, 05 jun 2022 20:55:04 INFO     Normalizing data...
dom, 05 jun 2022 20:55:04 INFO     Table 'alkemydb' created/updated
dom, 05 jun 2022 20:55:04 INFO     Closing connection...
dom, 05 jun 2022 20:55:04 INFO     Process finished...
dom, 05 jun 2022 20:59:29 INFO     Process started...
dom, 05 jun 2022 20:59:29 INFO     Creating connection with DB Server...
dom, 05 jun 2022 20:59:32 INFO     Downloading from https://datos.cultura.gob.ar/dataset/37305de4-3cce-4d4b-9d9a-fec3ca61d09f/resource/4207def0-2ff7-41d5-9095-d42ae8207a5d/download/museos_datosabiertos.csv
dom, 05 jun 2022 20:59:32 INFO     File saved as: data/museos/2022-junio/museos-05-06-2022.csv
dom, 05 jun 2022 20:59:42 INFO     Table created/updated: museos
dom, 05 jun 2022 20:59:49 INFO     Downloading from https://datos.cultura.gob.ar/dataset/37305de4-3cce-4d4b-9d9a-fec3ca61d09f/resource/392ce1a8-ef11-4776-b280-6f1c7fae16ae/download/cine.csv
dom, 05 jun 2022 20:59:49 INFO     File saved as: data/salas_cine/2022-junio/salas_cine-05-06-2022.csv
dom, 05 jun 2022 20:59:59 INFO     Table created/updated: salas_cine
dom, 05 jun 2022 21:00:07 INFO     Downloading from https://datos.cultura.gob.ar/dataset/37305de4-3cce-4d4b-9d9a-fec3ca61d09f/resource/01c6c048-dbeb-44e0-8efa-6944f73715d7/download/biblioteca_popular.csv
dom, 05 jun 2022 21:00:07 INFO     File saved as: data/bibliotecas/2022-junio/bibliotecas-05-06-2022.csv
dom, 05 jun 2022 21:00:17 INFO     Table created/updated: bibliotecas
dom, 05 jun 2022 21:00:27 INFO     Normalizing data...
dom, 05 jun 2022 21:00:27 INFO     Table 'alkemydb' created/updated
dom, 05 jun 2022 21:00:27 INFO     Closing connection...
dom, 05 jun 2022 21:00:27 INFO     Process finished...
